  Source.cpp
A:\GitHub\String\string\Source.cpp(63,20): warning C4018:  <: несоответствие типов со знаком и без знака
A:\GitHub\String\string\Source.cpp(73,11): warning C4154:  удаление массива; выполнено преобразование к указателю
A:\GitHub\String\string\Source.cpp(84,20): warning C4018:  <: несоответствие типов со знаком и без знака
A:\GitHub\String\string\Source.cpp(94,11): warning C4154:  удаление массива; выполнено преобразование к указателю
A:\GitHub\String\string\Source.cpp(103,20): warning C4018:  <: несоответствие типов со знаком и без знака
A:\GitHub\String\string\Source.cpp(109,11): warning C4154:  удаление массива; выполнено преобразование к указателю
A:\GitHub\String\string\Source.cpp(142,11): warning C4154:  удаление массива; выполнено преобразование к указателю
A:\GitHub\String\string\Source.cpp(177,20): warning C4018:  <=: несоответствие типов со знаком и без знака
A:\GitHub\String\string\Source.cpp(190,11): warning C4154:  удаление массива; выполнено преобразование к указателю
A:\GitHub\String\string\Source.cpp(191,12): warning C4154:  удаление массива; выполнено преобразование к указателю
A:\GitHub\String\string\Source.cpp(206,20): warning C4018:  <: несоответствие типов со знаком и без знака
A:\GitHub\String\string\Source.cpp(211,11): warning C4154:  удаление массива; выполнено преобразование к указателю
A:\GitHub\String\string\Source.cpp(238,11): warning C4154:  удаление массива; выполнено преобразование к указателю
A:\GitHub\String\string\Source.cpp(249,20): warning C4018:  <: несоответствие типов со знаком и без знака
A:\GitHub\String\string\Source.cpp(252,27): warning C4018:  <: несоответствие типов со знаком и без знака
A:\GitHub\String\string\Source.cpp(255,11): warning C4154:  удаление массива; выполнено преобразование к указателю
A:\GitHub\String\string\Source.cpp(278,11): warning C4154:  удаление массива; выполнено преобразование к указателю
A:\GitHub\String\string\Source.cpp(301,11): warning C4154:  удаление массива; выполнено преобразование к указателю
  string.vcxproj -> A:\GitHub\String\string\Debug\string.exe
